<?xml version="1.0" encoding="UTF-8"?>
<!-- Generated by org.testng.reporters.JUnitReportReporter -->
<testsuite ignored="0" hostname="MT-PF1J3AFL" failures="0" tests="1" name="Comprehensive.Assessment.AppTest" time="0.007" errors="0" timestamp="20 Nov 2021 18:31:19 GMT" skipped="0">
  <testcase classname="Comprehensive.Assessment.AppTest" name="shouldAnswerWithTrue" time="0.007"/>
</testsuite> <!-- Comprehensive.Assessment.AppTest -->
